<?xml version="1.0" encoding="UTF-8"?>
<!-- Generated by org.testng.reporters.JUnitReportReporter -->
<testsuite hostname="INLEN8520025308" failures="0" tests="1" name="AuthorsTest.AuthorsPut" time="4.400" errors="0" timestamp="2022-06-13T12:12:14 IST" skipped="0">
  <testcase classname="AuthorsTest.AuthorsPut" name="TestPutMethod" time="4.400"/>
  <system-out/>
</testsuite> <!-- AuthorsTest.AuthorsPut -->
