<?xml version="1.0" encoding="UTF-8"?>
<!-- Generated by org.testng.reporters.JUnitReportReporter -->
<testsuite hostname="INLEN8520025308" failures="0" tests="1" name="AuthorsTest.AuthorsGetSpeci" time="2.529" errors="0" timestamp="2022-06-13T11:57:22 IST" skipped="0">
  <testcase classname="AuthorsTest.AuthorsGetSpeci" name="TestgetMethodSpecific" time="2.529"/>
  <system-out/>
</testsuite> <!-- AuthorsTest.AuthorsGetSpeci -->
