<?xml version="1.0" encoding="UTF-8"?>
<!-- Generated by org.testng.reporters.JUnitReportReporter -->
<testsuite hostname="INLEN8520025308" failures="0" tests="6" name="AuthorsTest.AuthorsFrameWork" time="7.475" errors="0" timestamp="2022-06-13T12:56:11 IST" skipped="0">
  <testcase classname="AuthorsTest.AuthorsFrameWork" name="TestGetMethod" time="2.722"/>
  <system-out/>
  <testcase classname="AuthorsTest.AuthorsFrameWork" name="TestcreateMethod" time="0.987"/>
  <system-out/>
  <testcase classname="AuthorsTest.AuthorsFrameWork" name="TestGetMethodBook" time="0.977"/>
  <system-out/>
  <testcase classname="AuthorsTest.AuthorsFrameWork" name="TestgetMethodSpecific" time="0.920"/>
  <system-out/>
  <testcase classname="AuthorsTest.AuthorsFrameWork" name="TestPutMethod" time="0.928"/>
  <system-out/>
  <testcase classname="AuthorsTest.AuthorsFrameWork" name="TestDeleteMethod" time="0.941"/>
  <system-out/>
</testsuite> <!-- AuthorsTest.AuthorsFrameWork -->
