<?xml version="1.0" encoding="UTF-8"?>
<!-- Generated by org.testng.reporters.JUnitReportReporter -->
<testsuite hostname="INLEN8520025308" failures="0" tests="1" name="Test3.DeleteAzure" time="2.091" errors="0" timestamp="2022-06-09T14:03:16 IST" skipped="0">
  <testcase classname="Test3.DeleteAzure" name="Test3DeleteAzure" time="2.091"/>
  <system-out/>
</testsuite> <!-- Test3.DeleteAzure -->
