<?xml version="1.0" encoding="UTF-8"?>
<!-- Generated by org.testng.reporters.JUnitReportReporter -->
<testsuite hostname="INLEN8520025308" failures="0" tests="1" name="Test3.GetAzure" time="3.429" errors="0" timestamp="2022-06-09T13:56:59 IST" skipped="0">
  <testcase classname="Test3.GetAzure" name="Test3GetAzure" time="3.429"/>
  <system-out/>
</testsuite> <!-- Test3.GetAzure -->
