<?xml version="1.0" encoding="UTF-8"?>
<!-- Generated by org.testng.reporters.JUnitReportReporter -->
<testsuite hostname="INLEN8520025308" failures="0" tests="5" name="BooksTest.BooksFramework" time="11.805" errors="0" timestamp="2022-06-13T13:26:47 IST" skipped="0">
  <testcase classname="BooksTest.BooksFramework" name="TestGetMethod" time="7.494"/>
  <system-out/>
  <testcase classname="BooksTest.BooksFramework" name="TestcreateMethod" time="1.065"/>
  <system-out/>
  <testcase classname="BooksTest.BooksFramework" name="TestgetMethodSpecific" time="1.071"/>
  <system-out/>
  <testcase classname="BooksTest.BooksFramework" name="TestPutMethod" time="1.011"/>
  <system-out/>
  <testcase classname="BooksTest.BooksFramework" name="TestDeleteMethod" time="1.164"/>
  <system-out/>
</testsuite> <!-- BooksTest.BooksFramework -->
