<?xml version="1.0" encoding="UTF-8"?>
<!-- Generated by org.testng.reporters.JUnitReportReporter -->
<testsuite hostname="INLEN8520025308" failures="0" tests="6" name="CoverPhotosTest.CoverPhotosFramework" time="7.675" errors="0" timestamp="2022-06-13T13:16:02 IST" skipped="0">
  <testcase classname="CoverPhotosTest.CoverPhotosFramework" name="TestGetMethod" time="2.656"/>
  <system-out/>
  <testcase classname="CoverPhotosTest.CoverPhotosFramework" name="TestcreateMethod" time="0.964"/>
  <system-out/>
  <testcase classname="CoverPhotosTest.CoverPhotosFramework" name="TestGetMethodBook" time="1.014"/>
  <system-out/>
  <testcase classname="CoverPhotosTest.CoverPhotosFramework" name="TestgetMethodSpecific" time="1.034"/>
  <system-out/>
  <testcase classname="CoverPhotosTest.CoverPhotosFramework" name="TestPutMethod" time="0.971"/>
  <system-out/>
  <testcase classname="CoverPhotosTest.CoverPhotosFramework" name="TestDeleteMethod" time="1.036"/>
  <system-out/>
</testsuite> <!-- CoverPhotosTest.CoverPhotosFramework -->
