<?xml version="1.0" encoding="UTF-8"?>
<!-- Generated by org.testng.reporters.JUnitReportReporter -->
<testsuite hostname="INLEN8520025308" failures="0" tests="1" name="Test2.GetReqres" time="1.530" errors="0" timestamp="2022-06-09T13:39:49 IST" skipped="0">
  <testcase classname="Test2.GetReqres" name="Test2GetReqres" time="1.530"/>
  <system-out/>
</testsuite> <!-- Test2.GetReqres -->
