<?xml version="1.0" encoding="UTF-8"?>
<!-- Generated by org.testng.reporters.JUnitReportReporter -->
<testsuite hostname="INLEN8520025308" failures="0" tests="1" name="AuthorsTest.AuthorsGetBook" time="2.730" errors="0" timestamp="2022-06-13T11:51:56 IST" skipped="0">
  <testcase classname="AuthorsTest.AuthorsGetBook" name="TestGetMethodBook" time="2.730"/>
  <system-out/>
</testsuite> <!-- AuthorsTest.AuthorsGetBook -->
