<?xml version="1.0" encoding="UTF-8"?>
<!-- Generated by org.testng.reporters.JUnitReportReporter -->
<testsuite hostname="INLEN8520025308" failures="0" tests="5" name="UsersTest.UsersFrameWork" time="6.360" errors="0" timestamp="2022-06-13T13:27:03 IST" skipped="0">
  <testcase classname="UsersTest.UsersFrameWork" name="TestGetMethod" time="2.288"/>
  <system-out/>
  <testcase classname="UsersTest.UsersFrameWork" name="TestcreateMethod" time="1.004"/>
  <system-out/>
  <testcase classname="UsersTest.UsersFrameWork" name="TestgetMethodSpecific" time="1.019"/>
  <system-out/>
  <testcase classname="UsersTest.UsersFrameWork" name="TestPutMethod" time="1.038"/>
  <system-out/>
  <testcase classname="UsersTest.UsersFrameWork" name="TestDeleteMethod" time="1.011"/>
  <system-out/>
</testsuite> <!-- UsersTest.UsersFrameWork -->
