<?xml version="1.0" encoding="UTF-8"?>
<!-- Generated by org.testng.reporters.JUnitReportReporter -->
<testsuite hostname="INLEN8520025308" failures="0" tests="2" name="Test.VerifyLogin" time="0.008" errors="0" timestamp="2022-06-10T15:44:49 IST" skipped="0">
  <testcase classname="Test.VerifyLogin" name="verifyLoginFeature" time="0.007"/>
  <system-out/>
  <testcase classname="Test.VerifyLogin" name="verifyLoginFeature1" time="0.001"/>
  <system-out/>
</testsuite> <!-- Test.VerifyLogin -->
