<?xml version="1.0" encoding="UTF-8"?>
<!-- Generated by org.testng.reporters.JUnitReportReporter -->
<testsuite hostname="INLEN8520025308" failures="0" tests="1" name="Test2.DeleteReqres" time="1.947" errors="0" timestamp="2022-06-09T13:45:01 IST" skipped="0">
  <testcase classname="Test2.DeleteReqres" name="Test2DeleteReqres" time="1.947"/>
  <system-out/>
</testsuite> <!-- Test2.DeleteReqres -->
