<?xml version="1.0" encoding="UTF-8"?>
<!-- Generated by org.testng.reporters.JUnitReportReporter -->
<testsuite hostname="INLEN8520025308" failures="0" tests="1" name="AuthorsTest.AuthorsGet" time="2.830" errors="0" timestamp="2022-06-13T11:33:47 IST" skipped="0">
  <testcase classname="AuthorsTest.AuthorsGet" name="TestGetMethod" time="2.830"/>
  <system-out/>
</testsuite> <!-- AuthorsTest.AuthorsGet -->
