<?xml version="1.0" encoding="UTF-8"?>
<!-- Generated by org.testng.reporters.JUnitReportReporter -->
<testsuite hostname="INLEN8520025308" failures="0" tests="1" name="AuthorsTest.CreateAuthor" time="2.486" errors="0" timestamp="2022-06-13T11:46:13 IST" skipped="0">
  <testcase classname="AuthorsTest.CreateAuthor" name="TestcreateMethod" time="2.486"/>
  <system-out/>
</testsuite> <!-- AuthorsTest.CreateAuthor -->
